This is pdfTeX, Version 3.14159265-2.6-1.40.19 (TeX Live 2018) (preloaded format=pdflatex 2018.4.16)  23 OCT 2022 16:21
entering extended mode
 restricted \write18 enabled.
 file:line:error style messages enabled.
 %&-line parsing enabled.
**exampleGR.tex
(./exampleGR.tex
LaTeX2e <2018-04-01> patch level 2
Babel <3.18> and hyphenation patterns for 84 language(s) loaded.
(./GR.cls
Document Class: GR 2019/01/19 GR
(/usr/local/texlive/2018/texmf-dist/tex/latex/base/article.cls
Document Class: article 2014/09/29 v1.4h Standard LaTeX document class
(/usr/local/texlive/2018/texmf-dist/tex/latex/base/size11.clo
File: size11.clo 2014/09/29 v1.4h Standard LaTeX file (size option)
)
\c@part=\count80
\c@section=\count81
\c@subsection=\count82
\c@subsubsection=\count83
\c@paragraph=\count84
\c@subparagraph=\count85
\c@figure=\count86
\c@table=\count87
\abovecaptionskip=\skip41
\belowcaptionskip=\skip42
\bibindent=\dimen102
)
(/usr/local/texlive/2018/texmf-dist/tex/generic/babel/babel.sty
Package: babel 2018/02/14 3.18 The Babel package

(/usr/local/texlive/2018/texmf-dist/tex/generic/babel/switch.def
File: switch.def 2018/02/14 3.18 Babel switching mechanism
)
(/usr/local/texlive/2018/texmf-dist/tex/generic/babel-english/english.ldf
Language: english 2017/06/06 v3.3r English support from the babel system

(/usr/local/texlive/2018/texmf-dist/tex/generic/babel/babel.def
File: babel.def 2018/02/14 3.18 Babel common definitions
\babel@savecnt=\count88
\U@D=\dimen103

(/usr/local/texlive/2018/texmf-dist/tex/generic/babel/txtbabel.def)
\bbl@dirlevel=\count89
)
\l@canadian = a dialect from \language\l@american 
\l@australian = a dialect from \language\l@british 
\l@newzealand = a dialect from \language\l@british 
))
(/usr/local/texlive/2018/texmf-dist/tex/latex/geometry/geometry.sty
Package: geometry 2018/03/24 v5.7 Page Geometry

(/usr/local/texlive/2018/texmf-dist/tex/latex/graphics/keyval.sty
Package: keyval 2014/10/28 v1.15 key=value parser (DPC)
\KV@toks@=\toks14
)
(/usr/local/texlive/2018/texmf-dist/tex/generic/oberdiek/ifpdf.sty
Package: ifpdf 2017/03/15 v3.2 Provides the ifpdf switch
)
(/usr/local/texlive/2018/texmf-dist/tex/generic/oberdiek/ifvtex.sty
Package: ifvtex 2016/05/16 v1.6 Detect VTeX and its facilities (HO)
Package ifvtex Info: VTeX not detected.
)
(/usr/local/texlive/2018/texmf-dist/tex/generic/ifxetex/ifxetex.sty
Package: ifxetex 2010/09/12 v0.6 Provides ifxetex conditional
)
\Gm@cnth=\count90
\Gm@cntv=\count91
\c@Gm@tempcnt=\count92
\Gm@bindingoffset=\dimen104
\Gm@wd@mp=\dimen105
\Gm@odd@mp=\dimen106
\Gm@even@mp=\dimen107
\Gm@layoutwidth=\dimen108
\Gm@layoutheight=\dimen109
\Gm@layouthoffset=\dimen110
\Gm@layoutvoffset=\dimen111
\Gm@dimlist=\toks15
)
(/usr/local/texlive/2018/texmf-dist/tex/latex/setspace/setspace.sty
Package: setspace 2011/12/19 v6.7a set line spacing
)
(/usr/local/texlive/2018/texmf-dist/tex/latex/caption/caption.sty
Package: caption 2016/02/21 v3.3-144 Customizing captions (AR)

(/usr/local/texlive/2018/texmf-dist/tex/latex/caption/caption3.sty
Package: caption3 2016/05/22 v1.7-166 caption3 kernel (AR)
Package caption3 Info: TeX engine: e-TeX on input line 67.
\captionmargin=\dimen112
\captionmargin@=\dimen113
\captionwidth=\dimen114
\caption@tempdima=\dimen115
\caption@indent=\dimen116
\caption@parindent=\dimen117
\caption@hangindent=\dimen118
)
\c@ContinuedFloat=\count93
)
(/usr/local/texlive/2018/texmf-dist/tex/latex/xcolor/xcolor.sty
Package: xcolor 2016/05/11 v2.12 LaTeX color extensions (UK)

(/usr/local/texlive/2018/texmf-dist/tex/latex/graphics-cfg/color.cfg
File: color.cfg 2016/01/02 v1.6 sample color configuration
)
Package xcolor Info: Package option `usenames' ignored on input line 216.
Package xcolor Info: Driver file: pdftex.def on input line 225.

(/usr/local/texlive/2018/texmf-dist/tex/latex/graphics-def/pdftex.def
File: pdftex.def 2018/01/08 v1.0l Graphics/color driver for pdftex
)
(/usr/local/texlive/2018/texmf-dist/tex/latex/colortbl/colortbl.sty
Package: colortbl 2012/02/13 v1.0a Color table columns (DPC)

(/usr/local/texlive/2018/texmf-dist/tex/latex/tools/array.sty
Package: array 2018/04/07 v2.4g Tabular extension package (FMi)
\col@sep=\dimen119
\ar@mcellbox=\box26
\extrarowheight=\dimen120
\NC@list=\toks16
\extratabsurround=\skip43
\backup@length=\skip44
\ar@cellbox=\box27
)
\everycr=\toks17
\minrowclearance=\skip45
)
\rownum=\count94
Package xcolor Info: Model `cmy' substituted by `cmy0' on input line 1348.
Package xcolor Info: Model `hsb' substituted by `rgb' on input line 1352.
Package xcolor Info: Model `RGB' extended on input line 1364.
Package xcolor Info: Model `HTML' substituted by `rgb' on input line 1366.
Package xcolor Info: Model `Hsb' substituted by `hsb' on input line 1367.
Package xcolor Info: Model `tHsb' substituted by `hsb' on input line 1368.
Package xcolor Info: Model `HSB' substituted by `hsb' on input line 1369.
Package xcolor Info: Model `Gray' substituted by `gray' on input line 1370.
Package xcolor Info: Model `wave' substituted by `hsb' on input line 1371.

(/usr/local/texlive/2018/texmf-dist/tex/latex/graphics/dvipsnam.def
File: dvipsnam.def 2016/06/17 v3.0m Driver-dependent file (DPC,SPQR)
))
(/usr/local/texlive/2018/texmf-dist/tex/latex/graphics/graphicx.sty
Package: graphicx 2017/06/01 v1.1a Enhanced LaTeX Graphics (DPC,SPQR)

(/usr/local/texlive/2018/texmf-dist/tex/latex/graphics/graphics.sty
Package: graphics 2017/06/25 v1.2c Standard LaTeX Graphics (DPC,SPQR)

(/usr/local/texlive/2018/texmf-dist/tex/latex/graphics/trig.sty
Package: trig 2016/01/03 v1.10 sin cos tan (DPC)
)
(/usr/local/texlive/2018/texmf-dist/tex/latex/graphics-cfg/graphics.cfg
File: graphics.cfg 2016/06/04 v1.11 sample graphics configuration
)
Package graphics Info: Driver file: pdftex.def on input line 99.
)
\Gin@req@height=\dimen121
\Gin@req@width=\dimen122
)
(/usr/local/texlive/2018/texmf-dist/tex/luatex/luaotfload/luaotfload.sty
(/usr/local/texlive/2018/texmf-dist/tex/latex/base/ltluatex.tex
File: ltluatex.tex 2017/04/28 v1.1f LuaTeX support for plain TeX (core) 

/usr/local/texlive/2018/texmf-dist/tex/latex/base/ltluatex.tex:55: Undefined co
ntrol sequence.
l.55 \ifnum\luatexversion
                         <60 %
? 
/usr/local/texlive/2018/texmf-dist/tex/latex/base/ltluatex.tex:55: Missing numb
er, treated as zero.
<to be read again> 
                   <
l.55 \ifnum\luatexversion<
                          60 %
? 
***************************************************
* LuaTeX version too old for ltluatex support *
***************************************************
)
Package: luaotfload 2017/01/29 v2.8 OpenType layout system

/usr/local/texlive/2018/texmf-dist/tex/luatex/luaotfload/luaotfload.sty:46: Und
efined control sequence.
l.46 \directlua
               {
? 

/usr/local/texlive/2018/texmf-dist/tex/luatex/luaotfload/luaotfload.sty:47: LaT
eX Error: Missing \begin{document}.

See the LaTeX manual or LaTeX Companion for explanation.
Type  H <return>  for immediate help.
 ...                                              
                                                  
l.47   r
        equire('luaotfload-main')
? 
/usr/local/texlive/2018/texmf-dist/tex/luatex/luaotfload/luaotfload.sty:48: Mis
sing $ inserted.
<inserted text> 
                $
l.48   local _
              void = luaotfload.main ()
? 
LaTeX Font Info:    External font `cmex10' loaded for size
(Font)              <10.95> on input line 48.
LaTeX Font Info:    External font `cmex10' loaded for size
(Font)              <8> on input line 48.
LaTeX Font Info:    External font `cmex10' loaded for size
(Font)              <6> on input line 48.
/usr/local/texlive/2018/texmf-dist/tex/luatex/luaotfload/luaotfload.sty:49: Ext
ra }, or forgotten $.
l.49 }
      
? 
/usr/local/texlive/2018/texmf-dist/tex/luatex/luaotfload/luaotfload.sty:50: Mis
sing $ inserted.
<inserted text> 
                $
l.50 
     
? 
) (/usr/local/texlive/2018/texmf-dist/tex/latex/fontspec/fontspec.sty
(/usr/local/texlive/2018/texmf-dist/tex/latex/l3packages/xparse/xparse.sty
(/usr/local/texlive/2018/texmf-dist/tex/latex/l3kernel/expl3.sty
Package: expl3 2018/03/05 L3 programming layer (loader) 

(/usr/local/texlive/2018/texmf-dist/tex/latex/l3kernel/expl3-code.tex
Package: expl3 2018/03/05 L3 programming layer (code)
\c_max_int=\count95
\l_tmpa_int=\count96
\l_tmpb_int=\count97
\g_tmpa_int=\count98
\g_tmpb_int=\count99
\g__intarray_font_int=\count100
\g__prg_map_int=\count101
\c_log_iow=\count102
\l_iow_line_count_int=\count103
\l__iow_line_target_int=\count104
\l__iow_one_indent_int=\count105
\l__iow_indent_int=\count106
\c_zero_dim=\dimen123
\c_max_dim=\dimen124
\l_tmpa_dim=\dimen125
\l_tmpb_dim=\dimen126
\g_tmpa_dim=\dimen127
\g_tmpb_dim=\dimen128
\c_zero_skip=\skip46
\c_max_skip=\skip47
\l_tmpa_skip=\skip48
\l_tmpb_skip=\skip49
\g_tmpa_skip=\skip50
\g_tmpb_skip=\skip51
\c_zero_muskip=\muskip10
\c_max_muskip=\muskip11
\l_tmpa_muskip=\muskip12
\l_tmpb_muskip=\muskip13
\g_tmpa_muskip=\muskip14
\g_tmpb_muskip=\muskip15
\l_keys_choice_int=\count107
\c__fp_leading_shift_int=\count108
\c__fp_middle_shift_int=\count109
\c__fp_trailing_shift_int=\count110
\c__fp_big_leading_shift_int=\count111
\c__fp_big_middle_shift_int=\count112
\c__fp_big_trailing_shift_int=\count113
\c__fp_Bigg_leading_shift_int=\count114
\c__fp_Bigg_middle_shift_int=\count115
\c__fp_Bigg_trailing_shift_int=\count116
\c__fp_rand_size_int=\count117
\c__fp_rand_four_int=\count118
\c__fp_rand_eight_int=\count119
\l__sort_length_int=\count120
\l__sort_min_int=\count121
\l__sort_top_int=\count122
\l__sort_max_int=\count123
\l__sort_true_max_int=\count124
\l__sort_block_int=\count125
\l__sort_begin_int=\count126
\l__sort_end_int=\count127
\l__sort_A_int=\count128
\l__sort_B_int=\count129
\l__sort_C_int=\count130
\l__tl_build_start_index_int=\count131
\l__tl_build_index_int=\count132
\l__tl_analysis_normal_int=\count133
\l__tl_analysis_index_int=\count134
\l__tl_analysis_nesting_int=\count135
\l__tl_analysis_type_int=\count136
\l__regex_internal_a_int=\count137
\l__regex_internal_b_int=\count138
\l__regex_internal_c_int=\count139
\l__regex_balance_int=\count140
\l__regex_group_level_int=\count141
\l__regex_mode_int=\count142
\c__regex_cs_in_class_mode_int=\count143
\c__regex_cs_mode_int=\count144
\l__regex_catcodes_int=\count145
\l__regex_default_catcodes_int=\count146
\c__regex_catcode_D_int=\count147
\c__regex_catcode_S_int=\count148
\c__regex_catcode_L_int=\count149
\c__regex_catcode_O_int=\count150
\c__regex_catcode_A_int=\count151
\c__regex_all_catcodes_int=\count152
\l__regex_show_lines_int=\count153
\l__regex_min_state_int=\count154
\l__regex_max_state_int=\count155
\l__regex_left_state_int=\count156
\l__regex_right_state_int=\count157
\l__regex_capturing_group_int=\count158
\l__regex_min_pos_int=\count159
\l__regex_max_pos_int=\count160
\l__regex_curr_pos_int=\count161
\l__regex_start_pos_int=\count162
\l__regex_success_pos_int=\count163
\l__regex_curr_char_int=\count164
\l__regex_curr_catcode_int=\count165
\l__regex_last_char_int=\count166
\l__regex_case_changed_char_int=\count167
\l__regex_curr_state_int=\count168
\l__regex_step_int=\count169
\l__regex_min_active_int=\count170
\l__regex_max_active_int=\count171
\l__regex_replacement_csnames_int=\count172
\l__regex_match_count_int=\count173
\l__regex_min_submatch_int=\count174
\l__regex_submatch_int=\count175
\l__regex_zeroth_submatch_int=\count176
\g__regex_trace_regex_int=\count177
\c_empty_box=\box28
\l_tmpa_box=\box29
\l_tmpb_box=\box30
\g_tmpa_box=\box31
\g_tmpb_box=\box32
\l__box_top_dim=\dimen129
\l__box_bottom_dim=\dimen130
\l__box_left_dim=\dimen131
\l__box_right_dim=\dimen132
\l__box_top_new_dim=\dimen133
\l__box_bottom_new_dim=\dimen134
\l__box_left_new_dim=\dimen135
\l__box_right_new_dim=\dimen136
\l__box_internal_box=\box33
\l__coffin_internal_box=\box34
\l__coffin_internal_dim=\dimen137
\l__coffin_offset_x_dim=\dimen138
\l__coffin_offset_y_dim=\dimen139
\l__coffin_x_dim=\dimen140
\l__coffin_y_dim=\dimen141
\l__coffin_x_prime_dim=\dimen142
\l__coffin_y_prime_dim=\dimen143
\c_empty_coffin=\box35
\l__coffin_aligned_coffin=\box36
\l__coffin_aligned_internal_coffin=\box37
\l_tmpa_coffin=\box38
\l_tmpb_coffin=\box39
\l__coffin_display_coffin=\box40
\l__coffin_display_coord_coffin=\box41
\l__coffin_display_pole_coffin=\box42
\l__coffin_display_offset_dim=\dimen144
\l__coffin_display_x_dim=\dimen145
\l__coffin_display_y_dim=\dimen146
\l__coffin_bounding_shift_dim=\dimen147
\l__coffin_left_corner_dim=\dimen148
\l__coffin_right_corner_dim=\dimen149
\l__coffin_bottom_corner_dim=\dimen150
\l__coffin_top_corner_dim=\dimen151
\l__coffin_scaled_total_height_dim=\dimen152
\l__coffin_scaled_width_dim=\dimen153
)
(/usr/local/texlive/2018/texmf-dist/tex/latex/l3kernel/l3pdfmode.def
File: l3pdfmode.def 2017/03/18 v L3 Experimental driver: PDF mode
\l__driver_color_stack_int=\count178
))
Package: xparse 2018/02/21 L3 Experimental document command parser
\l__xparse_current_arg_int=\count179
\g__xparse_grabber_int=\count180
\l__xparse_m_args_int=\count181
\l__xparse_mandatory_args_int=\count182
\l__xparse_v_nesting_int=\count183
)
Package: fontspec 2017/11/09 v2.6g Font selection for XeLaTeX and LuaLaTeX


!!!!!!!!!!!!!!!!!!!!!!!!!!!!!!!!!!!!!!!!!!!!!!!!
!
/usr/local/texlive/2018/texmf-dist/tex/latex/fontspec/fontspec.sty:44: Fatal fo
ntspec error: "cannot-use-pdftex"
! 
! The fontspec package requires either XeTeX or LuaTeX.
! 
! You must change your typesetting engine to, e.g., "xelatex" or
! "lualatex"instead of "latex" or "pdflatex".
! 
! See the fontspec documentation for further information.
! 
! For immediate help type H <return>.
!...............................................  
                                                  
l.44 \msg_fatal:nn {fontspec} {cannot-use-pdftex}
                                                 
? 
 ) ) )
(\end occurred inside a group at level 1)

### simple group (level 1) entered at line 46 ({)
### bottom level 
Here is how much of TeX's memory you used:
 11591 strings out of 492649
 222896 string characters out of 6129622
 275966 words of memory out of 5000000
 15450 multiletter control sequences out of 15000+600000
 533011 words of font info for 31 fonts, out of 8000000 for 9000
 1141 hyphenation exceptions out of 8191
 48i,1n,40p,10500b,2705s stack positions out of 5000i,500n,10000p,200000b,80000s

No pages of output.
PDF statistics:
 0 PDF objects out of 1000 (max. 8388607)
 0 named destinations out of 1000 (max. 500000)
 1 words of extra memory for PDF output out of 10000 (max. 10000000)

